#
# There is insufficient memory for the Java Runtime Environment to continue.
# Native memory allocation (mmap) failed to map 266338304 bytes for G1 virtual space
# Possible reasons:
#   The system is out of physical RAM or swap space
#   The process is running with CompressedOops enabled, and the Java Heap may be blocking the growth of the native heap
# Possible solutions:
#   Reduce memory load on the system
#   Increase physical memory or swap space
#   Check if swap backing store is full
#   Decrease Java heap size (-Xmx/-Xms)
#   Decrease number of Java threads
#   Decrease Java thread stack sizes (-Xss)
#   Set larger code cache with -XX:ReservedCodeCacheSize=
#   JVM is running with Zero Based Compressed Oops mode in which the Java heap is
#     placed in the first 32GB address space. The Java Heap base address is the
#     maximum limit for the native heap growth. Please use -XX:HeapBaseMinAddress
#     to set the Java Heap base and to place the Java Heap above 32GB virtual address.
# This output file may be truncated or incomplete.
#
#  Out of Memory Error (os_windows.cpp:3548), pid=10072, tid=29368
#
# JRE version:  (17.0.5+8) (build )
# Java VM: OpenJDK 64-Bit Server VM (17.0.5+8, mixed mode, emulated-client, sharing, tiered, compressed oops, compressed class ptrs, g1 gc, windows-amd64)
# No core dump will be written. Minidumps are not enabled by default on client versions of Windows
#

---------------  S U M M A R Y ------------

Command Line: -Dcom.sun.management.jmxremote -Dcom.sun.management.jmxremote.port=54889 -Dcom.sun.management.jmxremote.authenticate=false -Dcom.sun.management.jmxremote.ssl=false -Djava.rmi.server.hostname=localhost -Dspring.jmx.enabled=true -Dmanagement.endpoints.jmx.exposure.include=* -Dspring.application.admin.enabled=true -XX:TieredStopAtLevel=1 -Dspring.boot.project.name=booking-microservice -Dfile.encoding=UTF-8 -XX:+ShowCodeDetailsInExceptionMessages com.wannacode.bookingmicroservice.BookingMicroserviceApplication --spring.output.ansi.enabled=always

Host: Intel(R) Core(TM) i5-10210U CPU @ 1.60GHz, 8 cores, 15G,  Windows 11 , 64 bit Build 22621 (10.0.22621.2506)
Time: Fri Dec  8 11:16:02 2023 Hora estándar del Este (México) elapsed time: 0.078749 seconds (0d 0h 0m 0s)

---------------  T H R E A D  ---------------

Current thread (0x000001c6d920e7d0):  JavaThread "Unknown thread" [_thread_in_vm, id=29368, stack(0x000000418b100000,0x000000418b200000)]

Stack: [0x000000418b100000,0x000000418b200000]
Native frames: (J=compiled Java code, j=interpreted, Vv=VM code, C=native code)
V  [jvm.dll+0x676b3a]
V  [jvm.dll+0x831444]
V  [jvm.dll+0x832bee]
V  [jvm.dll+0x833253]
V  [jvm.dll+0x244ce5]
V  [jvm.dll+0x673a49]
V  [jvm.dll+0x66811a]
V  [jvm.dll+0x303ceb]
V  [jvm.dll+0x30b1e6]
V  [jvm.dll+0x35adbe]
V  [jvm.dll+0x35afef]
V  [jvm.dll+0x2dab88]
V  [jvm.dll+0x2dbaf4]
V  [jvm.dll+0x803121]
V  [jvm.dll+0x368bb1]
V  [jvm.dll+0x7e265c]
V  [jvm.dll+0x3eb17f]
V  [jvm.dll+0x3eccc1]
C  [jli.dll+0x5267]
C  [ucrtbase.dll+0x29363]
C  [KERNEL32.DLL+0x1257d]
C  [ntdll.dll+0x5aa58]


---------------  P R O C E S S  ---------------

Threads class SMR info:
_java_thread_list=0x00007ffe14a52f18, length=0, elements={
}

Java Threads: ( => current thread )

Other Threads:
  0x000001c6d92914b0 GCTaskThread "GC Thread#0" [stack: 0x000000418b300000,0x000000418b400000] [id=18172]
  0x000001c6d92a2170 ConcurrentGCThread "G1 Main Marker" [stack: 0x000000418b500000,0x000000418b600000] [id=32220]
  0x000001c6d92a7520 ConcurrentGCThread "G1 Conc#0" [stack: 0x000000418b600000,0x000000418b700000] [id=34032]

[error occurred during error reporting (printing all threads), id 0xc0000005, EXCEPTION_ACCESS_VIOLATION (0xc0000005) at pc=0x00007ffe1422b617]

VM state: not at safepoint (not fully initialized)

VM Mutex/Monitor currently owned by a thread:  ([mutex/lock_event])
[0x000001c6d920d1d0] Heap_lock - owner thread: 0x000001c6d920e7d0

Heap address: 0x0000000702800000, size: 4056 MB, Compressed Oops mode: Zero based, Oop shift amount: 3

CDS archive(s) mapped at: [0x0000000000000000-0x0000000000000000-0x0000000000000000), size 0, SharedBaseAddress: 0x0000000800000000, ArchiveRelocationMode: 0.
Narrow klass base: 0x0000000000000000, Narrow klass shift: 0, Narrow klass range: 0x0

GC Precious Log:
<Empty>

Heap:
 garbage-first heap   total 0K, used 0K [0x0000000702800000, 0x0000000800000000)
  region size 2048K, 0 young (0K), 0 survivors (0K)

[error occurred during error reporting (printing heap information), id 0xc0000005, EXCEPTION_ACCESS_VIOLATION (0xc0000005) at pc=0x00007ffe1460fcb9]

GC Heap History (0 events):
No events

Dll operation events (1 events):
Event: 0.063 Loaded shared library D:\programas\sts-4.17.1.RELEASE\plugins\org.eclipse.justj.openjdk.hotspot.jre.full.win32.x86_64_17.0.5.v20221102-0933\jre\bin\java.dll

Deoptimization events (0 events):
No events

Classes unloaded (0 events):
No events

Classes redefined (0 events):
No events

Internal exceptions (0 events):
No events

VM Operations (0 events):
No events

Events (0 events):
No events


Dynamic libraries:
0x00007ff641dc0000 - 0x00007ff641dce000 	D:\programas\sts-4.17.1.RELEASE\plugins\org.eclipse.justj.openjdk.hotspot.jre.full.win32.x86_64_17.0.5.v20221102-0933\jre\bin\javaw.exe
0x00007ffeb8ff0000 - 0x00007ffeb9207000 	C:\Windows\SYSTEM32\ntdll.dll
0x00007ffeb7fe0000 - 0x00007ffeb80a4000 	C:\Windows\System32\KERNEL32.DLL
0x00007ffeb65f0000 - 0x00007ffeb6995000 	C:\Windows\System32\KERNELBASE.dll
0x00007ffeb6b30000 - 0x00007ffeb6c41000 	C:\Windows\System32\ucrtbase.dll
0x00007ffe658e0000 - 0x00007ffe658f7000 	D:\programas\sts-4.17.1.RELEASE\plugins\org.eclipse.justj.openjdk.hotspot.jre.full.win32.x86_64_17.0.5.v20221102-0933\jre\bin\jli.dll
0x00007ffeb7400000 - 0x00007ffeb75ae000 	C:\Windows\System32\USER32.dll
0x00007ffeb6d10000 - 0x00007ffeb6d36000 	C:\Windows\System32\win32u.dll
0x00007ffeb72e0000 - 0x00007ffeb7309000 	C:\Windows\System32\GDI32.dll
0x00007ffeb6360000 - 0x00007ffeb6479000 	C:\Windows\System32\gdi32full.dll
0x00007ffeb6a20000 - 0x00007ffeb6aba000 	C:\Windows\System32\msvcp_win.dll
0x00007ffe880f0000 - 0x00007ffe88109000 	D:\programas\sts-4.17.1.RELEASE\plugins\org.eclipse.justj.openjdk.hotspot.jre.full.win32.x86_64_17.0.5.v20221102-0933\jre\bin\VCRUNTIME140.dll
0x00007ffe9a200000 - 0x00007ffe9a493000 	C:\Windows\WinSxS\amd64_microsoft.windows.common-controls_6595b64144ccf1df_6.0.22621.2506_none_270c5ae97388e100\COMCTL32.dll
0x00007ffeb80b0000 - 0x00007ffeb8157000 	C:\Windows\System32\msvcrt.dll
0x00007ffeb83d0000 - 0x00007ffeb8401000 	C:\Windows\System32\IMM32.DLL
0x00007ffe89b00000 - 0x00007ffe89c63000 	C:\Program Files (x86)\Citrix\ICA Client\epclient64.dll
0x00007ffeb84d0000 - 0x00007ffeb8859000 	C:\Windows\System32\combase.dll
0x00007ffeb6f00000 - 0x00007ffeb7017000 	C:\Windows\System32\RPCRT4.dll
0x00007ffeab650000 - 0x00007ffeab65a000 	C:\Windows\SYSTEM32\VERSION.dll
0x00007ffeb5d10000 - 0x00007ffeb5d38000 	C:\Windows\SYSTEM32\bcrypt.dll
0x00007ffeb6e40000 - 0x00007ffeb6ef1000 	C:\Windows\System32\ADVAPI32.dll
0x00007ffeb88d0000 - 0x00007ffeb8976000 	C:\Windows\System32\sechost.dll
0x00007ffeb5480000 - 0x00007ffeb54b4000 	C:\Windows\SYSTEM32\ntmarta.dll
0x000001c6d7ff0000 - 0x000001c6d806a000 	C:\Windows\System32\bcryptprimitives.dll
0x00007ffe9e780000 - 0x00007ffe9e911000 	C:\Windows\system32\tmumh\20019\AddOn\8.55.0.1257\TmUmEvt64.dll
0x00007ffeb8410000 - 0x00007ffeb8418000 	C:\Windows\System32\PSAPI.DLL
0x0000000076310000 - 0x0000000076483000 	C:\Windows\system32\tmumh\20019\TmMon\2.9.0.1048\tmmon64.dll
0x00007ffe8dfc0000 - 0x00007ffe8e2fe000 	C:\Windows\System32\TmLWE\TmUmSnsr64\1.0.0.1123\TmUmSnsr64.dll
0x00007ffeb52c0000 - 0x00007ffeb52d8000 	C:\Windows\SYSTEM32\kernel.appcore.dll
0x00007ffeaf750000 - 0x00007ffeaf75c000 	D:\programas\sts-4.17.1.RELEASE\plugins\org.eclipse.justj.openjdk.hotspot.jre.full.win32.x86_64_17.0.5.v20221102-0933\jre\bin\vcruntime140_1.dll
0x00007ffe0c700000 - 0x00007ffe0c791000 	D:\programas\sts-4.17.1.RELEASE\plugins\org.eclipse.justj.openjdk.hotspot.jre.full.win32.x86_64_17.0.5.v20221102-0933\jre\bin\msvcp140.dll
0x00007ffe13f40000 - 0x00007ffe14b84000 	D:\programas\sts-4.17.1.RELEASE\plugins\org.eclipse.justj.openjdk.hotspot.jre.full.win32.x86_64_17.0.5.v20221102-0933\jre\bin\server\jvm.dll
0x00007ffe90a20000 - 0x00007ffe90a29000 	C:\Windows\SYSTEM32\WSOCK32.dll
0x000001c6d9050000 - 0x000001c6d90c1000 	C:\Windows\System32\WS2_32.dll
0x00007ffeae280000 - 0x00007ffeae2b4000 	C:\Windows\SYSTEM32\WINMM.dll
0x00007ffe6f7b0000 - 0x00007ffe6f7ba000 	D:\programas\sts-4.17.1.RELEASE\plugins\org.eclipse.justj.openjdk.hotspot.jre.full.win32.x86_64_17.0.5.v20221102-0933\jre\bin\jimage.dll
0x00007ffeb38a0000 - 0x00007ffeb3ad3000 	C:\Windows\SYSTEM32\DBGHELP.DLL
0x00007ffeb7320000 - 0x00007ffeb73f7000 	C:\Windows\System32\OLEAUT32.dll
0x00007ffe9b030000 - 0x00007ffe9b062000 	C:\Windows\SYSTEM32\dbgcore.DLL
0x00007ffe65a90000 - 0x00007ffe65ab5000 	D:\programas\sts-4.17.1.RELEASE\plugins\org.eclipse.justj.openjdk.hotspot.jre.full.win32.x86_64_17.0.5.v20221102-0933\jre\bin\java.dll

dbghelp: loaded successfully - version: 4.0.5 - missing functions: none
symbol engine: initialized successfully - sym options: 0x614 - pdb path: .;D:\programas\sts-4.17.1.RELEASE\plugins\org.eclipse.justj.openjdk.hotspot.jre.full.win32.x86_64_17.0.5.v20221102-0933\jre\bin;C:\Windows\SYSTEM32;C:\Windows\WinSxS\amd64_microsoft.windows.common-controls_6595b64144ccf1df_6.0.22621.2506_none_270c5ae97388e100;C:\Program Files (x86)\Citrix\ICA Client;C:\Windows\system32\tmumh\20019\AddOn\8.55.0.1257;C:\Windows\system32\tmumh\20019\TmMon\2.9.0.1048;C:\Windows\System32\TmLWE\TmUmSnsr64\1.0.0.1123;D:\programas\sts-4.17.1.RELEASE\plugins\org.eclipse.justj.openjdk.hotspot.jre.full.win32.x86_64_17.0.5.v20221102-0933\jre\bin\server

VM Arguments:
jvm_args: -Dcom.sun.management.jmxremote -Dcom.sun.management.jmxremote.port=54889 -Dcom.sun.management.jmxremote.authenticate=false -Dcom.sun.management.jmxremote.ssl=false -Djava.rmi.server.hostname=localhost -Dspring.jmx.enabled=true -Dmanagement.endpoints.jmx.exposure.include=* -Dspring.application.admin.enabled=true -XX:TieredStopAtLevel=1 -Dspring.boot.project.name=booking-microservice -Dfile.encoding=UTF-8 -XX:+ShowCodeDetailsInExceptionMessages 
java_command: com.wannacode.bookingmicroservice.BookingMicroserviceApplication --spring.output.ansi.enabled=always
java_class_path (initial): D:\Enel\Desarrollo\_todos\microSB\booking-microservice\target\classes;C:\Users\mazavaleta\.m2\repository\org\springframework\boot\spring-boot-starter-data-jpa\2.7.17\spring-boot-starter-data-jpa-2.7.17.jar;C:\Users\mazavaleta\.m2\repository\org\springframework\boot\spring-boot-starter-aop\2.7.17\spring-boot-starter-aop-2.7.17.jar;C:\Users\mazavaleta\.m2\repository\org\springframework\spring-aop\5.3.30\spring-aop-5.3.30.jar;C:\Users\mazavaleta\.m2\repository\org\aspectj\aspectjweaver\1.9.7\aspectjweaver-1.9.7.jar;C:\Users\mazavaleta\.m2\repository\org\springframework\boot\spring-boot-starter-jdbc\2.7.17\spring-boot-starter-jdbc-2.7.17.jar;C:\Users\mazavaleta\.m2\repository\com\zaxxer\HikariCP\4.0.3\HikariCP-4.0.3.jar;C:\Users\mazavaleta\.m2\repository\org\springframework\spring-jdbc\5.3.30\spring-jdbc-5.3.30.jar;C:\Users\mazavaleta\.m2\repository\jakarta\transaction\jakarta.transaction-api\1.3.3\jakarta.transaction-api-1.3.3.jar;C:\Users\mazavaleta\.m2\repository\jakarta\persistence\jakarta.persistence-api\2.2.3\jakarta.persistence-api-2.2.3.jar;C:\Users\mazavaleta\.m2\repository\org\hibernate\hibernate-core\5.6.15.Final\hibernate-core-5.6.15.Final.jar;C:\Users\mazavaleta\.m2\repository\org\jboss\logging\jboss-logging\3.4.3.Final\jboss-logging-3.4.3.Final.jar;C:\Users\mazavaleta\.m2\repository\net\bytebuddy\byte-buddy\1.12.23\byte-buddy-1.12.23.jar;C:\Users\mazavaleta\.m2\repository\antlr\antlr\2.7.7\antlr-2.7.7.jar;C:\Users\mazavaleta\.m2\repository\org\jboss\jandex\2.4.2.Final\jandex-2.4.2.Final.jar;C:\Users\mazavaleta\.m2\repository\com\fasterxml\classmate\1.5.1\classmate-1.5.1.jar;C:\Users\mazavaleta\.m2\repository\org\hibernate\common\hibernate-commons-annotations\5.1.2.Final\hibernate-commons-annotations-5.1.2.Final.jar;C:\Users\mazavaleta\.m2\repository\org\glassfish\jaxb\jaxb-runtime\2.3.8\jaxb-runtime-2.3.8.jar;C:\Users\mazavaleta\.m2\repository\jakarta\xml\bind\jakarta.xml.bind-api\2.3.3\jakarta.xml.bind-api-2.3.3.jar;C:\Users\m
Launcher Type: SUN_STANDARD

[Global flags]
     intx CICompilerCount                          = 4                                         {product} {ergonomic}
     uint ConcGCThreads                            = 2                                         {product} {ergonomic}
     uint G1ConcRefinementThreads                  = 8                                         {product} {ergonomic}
   size_t G1HeapRegionSize                         = 2097152                                   {product} {ergonomic}
    uintx GCDrainStackTargetSize                   = 64                                        {product} {ergonomic}
   size_t InitialHeapSize                          = 266338304                                 {product} {ergonomic}
     bool ManagementServer                         = true                                      {product} {command line}
   size_t MarkStackSize                            = 4194304                                   {product} {ergonomic}
   size_t MaxHeapSize                              = 4253024256                                {product} {ergonomic}
   size_t MinHeapDeltaBytes                        = 2097152                                   {product} {ergonomic}
   size_t MinHeapSize                              = 8388608                                   {product} {ergonomic}
    uintx NonProfiledCodeHeapSize                  = 0                                      {pd product} {ergonomic}
     bool ProfileInterpreter                       = false                                  {pd product} {command line}
    uintx ProfiledCodeHeapSize                     = 0                                      {pd product} {ergonomic}
     bool ShowCodeDetailsInExceptionMessages       = true                                   {manageable} {command line}
   size_t SoftMaxHeapSize                          = 4253024256                             {manageable} {ergonomic}
     intx TieredStopAtLevel                        = 1                                         {product} {command line}
     bool UseCompressedClassPointers               = true                           {product lp64_product} {ergonomic}
     bool UseCompressedOops                        = true                           {product lp64_product} {ergonomic}
     bool UseG1GC                                  = true                                      {product} {ergonomic}
     bool UseLargePagesIndividualAllocation        = false                                  {pd product} {ergonomic}

Logging:
Log output configuration:
 #0: stdout all=warning uptime,level,tags
 #1: stderr all=off uptime,level,tags

Environment Variables:
PATH=D:/programas/sts-4.17.1.RELEASE//plugins/org.eclipse.justj.openjdk.hotspot.jre.full.win32.x86_64_17.0.5.v20221102-0933/jre/bin/server;D:/programas/sts-4.17.1.RELEASE//plugins/org.eclipse.justj.openjdk.hotspot.jre.full.win32.x86_64_17.0.5.v20221102-0933/jre/bin;C:\Program Files (x86)\VMware\VMware Player\bin\;C:\Python312\Scripts\;C:\Python312\;C:\Program Files\Common Files\Oracle\Java\javapath;C:\Program Files (x86)\Common Files\Oracle\Java\javapath;C:\Windows\system32;C:\Windows;C:\Windows\System32\Wbem;C:\Windows\System32\WindowsPowerShell\v1.0\;C:\Windows\System32\OpenSSH\;C:\Program Files\Microsoft SQL Server\150\Tools\Binn\;C:\Program Files\Microsoft SQL Server\Client SDK\ODBC\170\Tools\Binn\;C:\Program Files\dotnet\;C:\Program Files\Git\cmd;C:\Program Files\PuTTY\;C:\Program Files\TortoiseSVN\bin;C:\data\vault;C:\ProgramData\chocolatey\bin;;C:\Program Files\Docker\Docker\resources\bin;C:\Program Files\nodejs\;C:\Users\mazavaleta\AppData\Local\Microsoft\WindowsApps;C:\Users\mazavaleta\AppData\Local\Programs\Microsoft VS Code\bin;C:\Users\mazavaleta\.dotnet\tools;C:\Program Files\JetBrains\IntelliJ IDEA Community Edition 2022.3.1\bin;;C:\Users\mazavaleta\AppData\Roaming\npm;D:\programas\sts-4.17.1.RELEASE;
USERNAME=mazavaleta
OS=Windows_NT
PROCESSOR_IDENTIFIER=Intel64 Family 6 Model 142 Stepping 12, GenuineIntel
TMP=C:\Users\MAZAVA~1\AppData\Local\Temp
TEMP=C:\Users\MAZAVA~1\AppData\Local\Temp



---------------  S Y S T E M  ---------------

OS:
 Windows 11 , 64 bit Build 22621 (10.0.22621.2506)
OS uptime: 0 days 0:20 hours
Hyper-V role detected

CPU: total 8 (initial active 8) (4 cores per cpu, 2 threads per core) family 6 model 142 stepping 12 microcode 0xf8, cx8, cmov, fxsr, ht, mmx, 3dnowpref, sse, sse2, sse3, ssse3, sse4.1, sse4.2, popcnt, lzcnt, tsc, tscinvbit, avx, avx2, aes, erms, clmul, bmi1, bmi2, adx, fma, vzeroupper, clflush, clflushopt, hv

Memory: 4k page, system-wide physical 16221M (344M free)
TotalPageFile size 19144M (AvailPageFile size 92M)
current process WorkingSet (physical memory assigned to process): 18M, peak: 18M
current process commit charge ("private bytes"): 61M, peak: 315M

vm_info: OpenJDK 64-Bit Server VM (17.0.5+8) for windows-amd64 JRE (17.0.5+8), built on Oct 19 2022 04:48:13 by "temurin" with MS VC++ 16.7 (VS2019)

END.
